Determining if the pthread_create exist failed with the following output:
Change Dir: /home/ajal/catkin_ws/src/services_masterclass/build/CMakeFiles/CMakeTmp

Run Build Command:"/usr/bin/make" "cmTC_c598e/fast"
/usr/bin/make -f CMakeFiles/cmTC_c598e.dir/build.make CMakeFiles/cmTC_c598e.dir/build
make[1]: Entering directory '/home/ajal/git/pfms-2020a-ajalsingh/scratch/week11/starter/services_masterclass/build/CMakeFiles/CMakeTmp'
Building C object CMakeFiles/cmTC_c598e.dir/CheckSymbolExists.c.o
/usr/bin/gcc-5     -o CMakeFiles/cmTC_c598e.dir/CheckSymbolExists.c.o   -c /home/ajal/catkin_ws/src/services_masterclass/build/CMakeFiles/CMakeTmp/CheckSymbolExists.c
Linking C executable cmTC_c598e
/usr/bin/cmake -E cmake_link_script CMakeFiles/cmTC_c598e.dir/link.txt --verbose=1
/usr/bin/gcc-5       CMakeFiles/cmTC_c598e.dir/CheckSymbolExists.c.o  -o cmTC_c598e -rdynamic 
CMakeFiles/cmTC_c598e.dir/CheckSymbolExists.c.o: In function `main':
CheckSymbolExists.c:(.text+0x16): undefined reference to `pthread_create'
collect2: error: ld returned 1 exit status
CMakeFiles/cmTC_c598e.dir/build.make:97: recipe for target 'cmTC_c598e' failed
make[1]: *** [cmTC_c598e] Error 1
make[1]: Leaving directory '/home/ajal/git/pfms-2020a-ajalsingh/scratch/week11/starter/services_masterclass/build/CMakeFiles/CMakeTmp'
Makefile:126: recipe for target 'cmTC_c598e/fast' failed
make: *** [cmTC_c598e/fast] Error 2

File /home/ajal/catkin_ws/src/services_masterclass/build/CMakeFiles/CMakeTmp/CheckSymbolExists.c:
/* */
#include <pthread.h>

int main(int argc, char** argv)
{
  (void)argv;
#ifndef pthread_create
  return ((int*)(&pthread_create))[argc];
#else
  (void)argc;
  return 0;
#endif
}

Determining if the function pthread_create exists in the pthreads failed with the following output:
Change Dir: /home/ajal/catkin_ws/src/services_masterclass/build/CMakeFiles/CMakeTmp

Run Build Command:"/usr/bin/make" "cmTC_5fca9/fast"
/usr/bin/make -f CMakeFiles/cmTC_5fca9.dir/build.make CMakeFiles/cmTC_5fca9.dir/build
make[1]: Entering directory '/home/ajal/git/pfms-2020a-ajalsingh/scratch/week11/starter/services_masterclass/build/CMakeFiles/CMakeTmp'
Building C object CMakeFiles/cmTC_5fca9.dir/CheckFunctionExists.c.o
/usr/bin/gcc-5    -DCHECK_FUNCTION_EXISTS=pthread_create   -o CMakeFiles/cmTC_5fca9.dir/CheckFunctionExists.c.o   -c /usr/share/cmake-3.5/Modules/CheckFunctionExists.c
Linking C executable cmTC_5fca9
/usr/bin/cmake -E cmake_link_script CMakeFiles/cmTC_5fca9.dir/link.txt --verbose=1
/usr/bin/gcc-5   -DCHECK_FUNCTION_EXISTS=pthread_create    CMakeFiles/cmTC_5fca9.dir/CheckFunctionExists.c.o  -o cmTC_5fca9 -rdynamic -lpthreads 
/usr/bin/ld: cannot find -lpthreads
collect2: error: ld returned 1 exit status
CMakeFiles/cmTC_5fca9.dir/build.make:97: recipe for target 'cmTC_5fca9' failed
make[1]: *** [cmTC_5fca9] Error 1
make[1]: Leaving directory '/home/ajal/git/pfms-2020a-ajalsingh/scratch/week11/starter/services_masterclass/build/CMakeFiles/CMakeTmp'
Makefile:126: recipe for target 'cmTC_5fca9/fast' failed
make: *** [cmTC_5fca9/fast] Error 2


