Determining if the pthread_create exist failed with the following output:
Change Dir: /home/ajal/git/pfms-2020a-ajalsingh/quizzes/quiz10/a/random_walk/build/CMakeFiles/CMakeTmp

Run Build Command:"/usr/bin/make" "cmTC_a26f0/fast"
/usr/bin/make -f CMakeFiles/cmTC_a26f0.dir/build.make CMakeFiles/cmTC_a26f0.dir/build
make[1]: Entering directory '/home/ajal/git/pfms-2020a-ajalsingh/quizzes/quiz10/a/random_walk/build/CMakeFiles/CMakeTmp'
Building C object CMakeFiles/cmTC_a26f0.dir/CheckSymbolExists.c.o
/usr/bin/gcc-5     -o CMakeFiles/cmTC_a26f0.dir/CheckSymbolExists.c.o   -c /home/ajal/git/pfms-2020a-ajalsingh/quizzes/quiz10/a/random_walk/build/CMakeFiles/CMakeTmp/CheckSymbolExists.c
Linking C executable cmTC_a26f0
/usr/bin/cmake -E cmake_link_script CMakeFiles/cmTC_a26f0.dir/link.txt --verbose=1
/usr/bin/gcc-5       CMakeFiles/cmTC_a26f0.dir/CheckSymbolExists.c.o  -o cmTC_a26f0 -rdynamic 
CMakeFiles/cmTC_a26f0.dir/CheckSymbolExists.c.o: In function `main':
CheckSymbolExists.c:(.text+0x16): undefined reference to `pthread_create'
collect2: error: ld returned 1 exit status
CMakeFiles/cmTC_a26f0.dir/build.make:97: recipe for target 'cmTC_a26f0' failed
make[1]: *** [cmTC_a26f0] Error 1
make[1]: Leaving directory '/home/ajal/git/pfms-2020a-ajalsingh/quizzes/quiz10/a/random_walk/build/CMakeFiles/CMakeTmp'
Makefile:126: recipe for target 'cmTC_a26f0/fast' failed
make: *** [cmTC_a26f0/fast] Error 2

File /home/ajal/git/pfms-2020a-ajalsingh/quizzes/quiz10/a/random_walk/build/CMakeFiles/CMakeTmp/CheckSymbolExists.c:
/* */
#include <pthread.h>

int main(int argc, char** argv)
{
  (void)argv;
#ifndef pthread_create
  return ((int*)(&pthread_create))[argc];
#else
  (void)argc;
  return 0;
#endif
}

Determining if the function pthread_create exists in the pthreads failed with the following output:
Change Dir: /home/ajal/git/pfms-2020a-ajalsingh/quizzes/quiz10/a/random_walk/build/CMakeFiles/CMakeTmp

Run Build Command:"/usr/bin/make" "cmTC_a805d/fast"
/usr/bin/make -f CMakeFiles/cmTC_a805d.dir/build.make CMakeFiles/cmTC_a805d.dir/build
make[1]: Entering directory '/home/ajal/git/pfms-2020a-ajalsingh/quizzes/quiz10/a/random_walk/build/CMakeFiles/CMakeTmp'
Building C object CMakeFiles/cmTC_a805d.dir/CheckFunctionExists.c.o
/usr/bin/gcc-5    -DCHECK_FUNCTION_EXISTS=pthread_create   -o CMakeFiles/cmTC_a805d.dir/CheckFunctionExists.c.o   -c /usr/share/cmake-3.5/Modules/CheckFunctionExists.c
Linking C executable cmTC_a805d
/usr/bin/cmake -E cmake_link_script CMakeFiles/cmTC_a805d.dir/link.txt --verbose=1
/usr/bin/gcc-5   -DCHECK_FUNCTION_EXISTS=pthread_create    CMakeFiles/cmTC_a805d.dir/CheckFunctionExists.c.o  -o cmTC_a805d -rdynamic -lpthreads 
/usr/bin/ld: cannot find -lpthreads
collect2: error: ld returned 1 exit status
CMakeFiles/cmTC_a805d.dir/build.make:97: recipe for target 'cmTC_a805d' failed
make[1]: *** [cmTC_a805d] Error 1
make[1]: Leaving directory '/home/ajal/git/pfms-2020a-ajalsingh/quizzes/quiz10/a/random_walk/build/CMakeFiles/CMakeTmp'
Makefile:126: recipe for target 'cmTC_a805d/fast' failed
make: *** [cmTC_a805d/fast] Error 2


