Determining if the pthread_create exist failed with the following output:
Change Dir: /home/ajal/git/pfms-2020a-ajalsingh/scratch/week10/build/CMakeFiles/CMakeTmp

Run Build Command:"/usr/bin/make" "cmTC_3bcdb/fast"
/usr/bin/make -f CMakeFiles/cmTC_3bcdb.dir/build.make CMakeFiles/cmTC_3bcdb.dir/build
make[1]: Entering directory '/home/ajal/git/pfms-2020a-ajalsingh/scratch/week10/build/CMakeFiles/CMakeTmp'
Building C object CMakeFiles/cmTC_3bcdb.dir/CheckSymbolExists.c.o
/usr/bin/gcc-5     -o CMakeFiles/cmTC_3bcdb.dir/CheckSymbolExists.c.o   -c /home/ajal/git/pfms-2020a-ajalsingh/scratch/week10/build/CMakeFiles/CMakeTmp/CheckSymbolExists.c
Linking C executable cmTC_3bcdb
/usr/bin/cmake -E cmake_link_script CMakeFiles/cmTC_3bcdb.dir/link.txt --verbose=1
/usr/bin/gcc-5       CMakeFiles/cmTC_3bcdb.dir/CheckSymbolExists.c.o  -o cmTC_3bcdb -rdynamic 
CMakeFiles/cmTC_3bcdb.dir/CheckSymbolExists.c.o: In function `main':
CheckSymbolExists.c:(.text+0x16): undefined reference to `pthread_create'
collect2: error: ld returned 1 exit status
CMakeFiles/cmTC_3bcdb.dir/build.make:97: recipe for target 'cmTC_3bcdb' failed
make[1]: *** [cmTC_3bcdb] Error 1
make[1]: Leaving directory '/home/ajal/git/pfms-2020a-ajalsingh/scratch/week10/build/CMakeFiles/CMakeTmp'
Makefile:126: recipe for target 'cmTC_3bcdb/fast' failed
make: *** [cmTC_3bcdb/fast] Error 2

File /home/ajal/git/pfms-2020a-ajalsingh/scratch/week10/build/CMakeFiles/CMakeTmp/CheckSymbolExists.c:
/* */
#include <pthread.h>

int main(int argc, char** argv)
{
  (void)argv;
#ifndef pthread_create
  return ((int*)(&pthread_create))[argc];
#else
  (void)argc;
  return 0;
#endif
}

Determining if the function pthread_create exists in the pthreads failed with the following output:
Change Dir: /home/ajal/git/pfms-2020a-ajalsingh/scratch/week10/build/CMakeFiles/CMakeTmp

Run Build Command:"/usr/bin/make" "cmTC_1b16f/fast"
/usr/bin/make -f CMakeFiles/cmTC_1b16f.dir/build.make CMakeFiles/cmTC_1b16f.dir/build
make[1]: Entering directory '/home/ajal/git/pfms-2020a-ajalsingh/scratch/week10/build/CMakeFiles/CMakeTmp'
Building C object CMakeFiles/cmTC_1b16f.dir/CheckFunctionExists.c.o
/usr/bin/gcc-5    -DCHECK_FUNCTION_EXISTS=pthread_create   -o CMakeFiles/cmTC_1b16f.dir/CheckFunctionExists.c.o   -c /usr/share/cmake-3.5/Modules/CheckFunctionExists.c
Linking C executable cmTC_1b16f
/usr/bin/cmake -E cmake_link_script CMakeFiles/cmTC_1b16f.dir/link.txt --verbose=1
/usr/bin/gcc-5   -DCHECK_FUNCTION_EXISTS=pthread_create    CMakeFiles/cmTC_1b16f.dir/CheckFunctionExists.c.o  -o cmTC_1b16f -rdynamic -lpthreads 
/usr/bin/ld: cannot find -lpthreads
collect2: error: ld returned 1 exit status
CMakeFiles/cmTC_1b16f.dir/build.make:97: recipe for target 'cmTC_1b16f' failed
make[1]: *** [cmTC_1b16f] Error 1
make[1]: Leaving directory '/home/ajal/git/pfms-2020a-ajalsingh/scratch/week10/build/CMakeFiles/CMakeTmp'
Makefile:126: recipe for target 'cmTC_1b16f/fast' failed
make: *** [cmTC_1b16f/fast] Error 2


