Determining if the pthread_create exist failed with the following output:
Change Dir: /home/ajal/git/pfms-2020a-ajalsingh/quizzes/quiz9/b/build/CMakeFiles/CMakeTmp

Run Build Command:"/usr/bin/make" "cmTC_882f4/fast"
/usr/bin/make -f CMakeFiles/cmTC_882f4.dir/build.make CMakeFiles/cmTC_882f4.dir/build
make[1]: Entering directory '/home/ajal/git/pfms-2020a-ajalsingh/quizzes/quiz9/b/build/CMakeFiles/CMakeTmp'
Building C object CMakeFiles/cmTC_882f4.dir/CheckSymbolExists.c.o
/usr/bin/gcc-5     -o CMakeFiles/cmTC_882f4.dir/CheckSymbolExists.c.o   -c /home/ajal/git/pfms-2020a-ajalsingh/quizzes/quiz9/b/build/CMakeFiles/CMakeTmp/CheckSymbolExists.c
Linking C executable cmTC_882f4
/usr/bin/cmake -E cmake_link_script CMakeFiles/cmTC_882f4.dir/link.txt --verbose=1
/usr/bin/gcc-5       CMakeFiles/cmTC_882f4.dir/CheckSymbolExists.c.o  -o cmTC_882f4 -rdynamic 
CMakeFiles/cmTC_882f4.dir/CheckSymbolExists.c.o: In function `main':
CheckSymbolExists.c:(.text+0x16): undefined reference to `pthread_create'
collect2: error: ld returned 1 exit status
CMakeFiles/cmTC_882f4.dir/build.make:97: recipe for target 'cmTC_882f4' failed
make[1]: *** [cmTC_882f4] Error 1
make[1]: Leaving directory '/home/ajal/git/pfms-2020a-ajalsingh/quizzes/quiz9/b/build/CMakeFiles/CMakeTmp'
Makefile:126: recipe for target 'cmTC_882f4/fast' failed
make: *** [cmTC_882f4/fast] Error 2

File /home/ajal/git/pfms-2020a-ajalsingh/quizzes/quiz9/b/build/CMakeFiles/CMakeTmp/CheckSymbolExists.c:
/* */
#include <pthread.h>

int main(int argc, char** argv)
{
  (void)argv;
#ifndef pthread_create
  return ((int*)(&pthread_create))[argc];
#else
  (void)argc;
  return 0;
#endif
}

Determining if the function pthread_create exists in the pthreads failed with the following output:
Change Dir: /home/ajal/git/pfms-2020a-ajalsingh/quizzes/quiz9/b/build/CMakeFiles/CMakeTmp

Run Build Command:"/usr/bin/make" "cmTC_48e0b/fast"
/usr/bin/make -f CMakeFiles/cmTC_48e0b.dir/build.make CMakeFiles/cmTC_48e0b.dir/build
make[1]: Entering directory '/home/ajal/git/pfms-2020a-ajalsingh/quizzes/quiz9/b/build/CMakeFiles/CMakeTmp'
Building C object CMakeFiles/cmTC_48e0b.dir/CheckFunctionExists.c.o
/usr/bin/gcc-5    -DCHECK_FUNCTION_EXISTS=pthread_create   -o CMakeFiles/cmTC_48e0b.dir/CheckFunctionExists.c.o   -c /usr/share/cmake-3.5/Modules/CheckFunctionExists.c
Linking C executable cmTC_48e0b
/usr/bin/cmake -E cmake_link_script CMakeFiles/cmTC_48e0b.dir/link.txt --verbose=1
/usr/bin/gcc-5   -DCHECK_FUNCTION_EXISTS=pthread_create    CMakeFiles/cmTC_48e0b.dir/CheckFunctionExists.c.o  -o cmTC_48e0b -rdynamic -lpthreads 
/usr/bin/ld: cannot find -lpthreads
collect2: error: ld returned 1 exit status
CMakeFiles/cmTC_48e0b.dir/build.make:97: recipe for target 'cmTC_48e0b' failed
make[1]: *** [cmTC_48e0b] Error 1
make[1]: Leaving directory '/home/ajal/git/pfms-2020a-ajalsingh/quizzes/quiz9/b/build/CMakeFiles/CMakeTmp'
Makefile:126: recipe for target 'cmTC_48e0b/fast' failed
make: *** [cmTC_48e0b/fast] Error 2


