Determining if the pthread_create exist failed with the following output:
Change Dir: /home/ajal/git/pfms-2020a-ajalsingh/quizzes/quiz6/a/build/CMakeFiles/CMakeTmp

Run Build Command:"/usr/bin/make" "cmTC_2eceb/fast"
/usr/bin/make -f CMakeFiles/cmTC_2eceb.dir/build.make CMakeFiles/cmTC_2eceb.dir/build
make[1]: Entering directory '/home/ajal/git/pfms-2020a-ajalsingh/quizzes/quiz6/a/build/CMakeFiles/CMakeTmp'
Building C object CMakeFiles/cmTC_2eceb.dir/CheckSymbolExists.c.o
/usr/bin/cc     -o CMakeFiles/cmTC_2eceb.dir/CheckSymbolExists.c.o   -c /home/ajal/git/pfms-2020a-ajalsingh/quizzes/quiz6/a/build/CMakeFiles/CMakeTmp/CheckSymbolExists.c
Linking C executable cmTC_2eceb
/usr/bin/cmake -E cmake_link_script CMakeFiles/cmTC_2eceb.dir/link.txt --verbose=1
/usr/bin/cc       CMakeFiles/cmTC_2eceb.dir/CheckSymbolExists.c.o  -o cmTC_2eceb -rdynamic 
CMakeFiles/cmTC_2eceb.dir/CheckSymbolExists.c.o: In function `main':
CheckSymbolExists.c:(.text+0x16): undefined reference to `pthread_create'
collect2: error: ld returned 1 exit status
CMakeFiles/cmTC_2eceb.dir/build.make:97: recipe for target 'cmTC_2eceb' failed
make[1]: *** [cmTC_2eceb] Error 1
make[1]: Leaving directory '/home/ajal/git/pfms-2020a-ajalsingh/quizzes/quiz6/a/build/CMakeFiles/CMakeTmp'
Makefile:126: recipe for target 'cmTC_2eceb/fast' failed
make: *** [cmTC_2eceb/fast] Error 2

File /home/ajal/git/pfms-2020a-ajalsingh/quizzes/quiz6/a/build/CMakeFiles/CMakeTmp/CheckSymbolExists.c:
/* */
#include <pthread.h>

int main(int argc, char** argv)
{
  (void)argv;
#ifndef pthread_create
  return ((int*)(&pthread_create))[argc];
#else
  (void)argc;
  return 0;
#endif
}

Determining if the function pthread_create exists in the pthreads failed with the following output:
Change Dir: /home/ajal/git/pfms-2020a-ajalsingh/quizzes/quiz6/a/build/CMakeFiles/CMakeTmp

Run Build Command:"/usr/bin/make" "cmTC_6cf20/fast"
/usr/bin/make -f CMakeFiles/cmTC_6cf20.dir/build.make CMakeFiles/cmTC_6cf20.dir/build
make[1]: Entering directory '/home/ajal/git/pfms-2020a-ajalsingh/quizzes/quiz6/a/build/CMakeFiles/CMakeTmp'
Building C object CMakeFiles/cmTC_6cf20.dir/CheckFunctionExists.c.o
/usr/bin/cc    -DCHECK_FUNCTION_EXISTS=pthread_create   -o CMakeFiles/cmTC_6cf20.dir/CheckFunctionExists.c.o   -c /usr/share/cmake-3.5/Modules/CheckFunctionExists.c
Linking C executable cmTC_6cf20
/usr/bin/cmake -E cmake_link_script CMakeFiles/cmTC_6cf20.dir/link.txt --verbose=1
/usr/bin/cc   -DCHECK_FUNCTION_EXISTS=pthread_create    CMakeFiles/cmTC_6cf20.dir/CheckFunctionExists.c.o  -o cmTC_6cf20 -rdynamic -lpthreads 
/usr/bin/ld: cannot find -lpthreads
collect2: error: ld returned 1 exit status
CMakeFiles/cmTC_6cf20.dir/build.make:97: recipe for target 'cmTC_6cf20' failed
make[1]: *** [cmTC_6cf20] Error 1
make[1]: Leaving directory '/home/ajal/git/pfms-2020a-ajalsingh/quizzes/quiz6/a/build/CMakeFiles/CMakeTmp'
Makefile:126: recipe for target 'cmTC_6cf20/fast' failed
make: *** [cmTC_6cf20/fast] Error 2


