Determining if the pthread_create exist failed with the following output:
Change Dir: /home/ajal/git/pfms-2020a-ajalsingh/scratch/a2_skeleton/build/CMakeFiles/CMakeTmp

Run Build Command:"/usr/bin/make" "cmTC_96aec/fast"
make[1]: Entering directory '/home/ajal/git/pfms-2020a-ajalsingh/scratch/a2_skeleton/build/CMakeFiles/CMakeTmp'
/usr/bin/make -f CMakeFiles/cmTC_96aec.dir/build.make CMakeFiles/cmTC_96aec.dir/build
make[2]: Entering directory '/home/ajal/git/pfms-2020a-ajalsingh/scratch/a2_skeleton/build/CMakeFiles/CMakeTmp'
Building C object CMakeFiles/cmTC_96aec.dir/CheckSymbolExists.c.o
/usr/bin/cc     -o CMakeFiles/cmTC_96aec.dir/CheckSymbolExists.c.o   -c /home/ajal/git/pfms-2020a-ajalsingh/scratch/a2_skeleton/build/CMakeFiles/CMakeTmp/CheckSymbolExists.c
Linking C executable cmTC_96aec
/usr/bin/cmake -E cmake_link_script CMakeFiles/cmTC_96aec.dir/link.txt --verbose=1
/usr/bin/cc       CMakeFiles/cmTC_96aec.dir/CheckSymbolExists.c.o  -o cmTC_96aec -rdynamic 
CMakeFiles/cmTC_96aec.dir/CheckSymbolExists.c.o: In function `main':
CheckSymbolExists.c:(.text+0x16): undefined reference to `pthread_create'
collect2: error: ld returned 1 exit status
CMakeFiles/cmTC_96aec.dir/build.make:97: recipe for target 'cmTC_96aec' failed
make[2]: *** [cmTC_96aec] Error 1
make[2]: Leaving directory '/home/ajal/git/pfms-2020a-ajalsingh/scratch/a2_skeleton/build/CMakeFiles/CMakeTmp'
Makefile:126: recipe for target 'cmTC_96aec/fast' failed
make[1]: *** [cmTC_96aec/fast] Error 2
make[1]: Leaving directory '/home/ajal/git/pfms-2020a-ajalsingh/scratch/a2_skeleton/build/CMakeFiles/CMakeTmp'

File /home/ajal/git/pfms-2020a-ajalsingh/scratch/a2_skeleton/build/CMakeFiles/CMakeTmp/CheckSymbolExists.c:
/* */
#include <pthread.h>

int main(int argc, char** argv)
{
  (void)argv;
#ifndef pthread_create
  return ((int*)(&pthread_create))[argc];
#else
  (void)argc;
  return 0;
#endif
}

Determining if the function pthread_create exists in the pthreads failed with the following output:
Change Dir: /home/ajal/git/pfms-2020a-ajalsingh/scratch/a2_skeleton/build/CMakeFiles/CMakeTmp

Run Build Command:"/usr/bin/make" "cmTC_2604e/fast"
make[1]: Entering directory '/home/ajal/git/pfms-2020a-ajalsingh/scratch/a2_skeleton/build/CMakeFiles/CMakeTmp'
/usr/bin/make -f CMakeFiles/cmTC_2604e.dir/build.make CMakeFiles/cmTC_2604e.dir/build
make[2]: Entering directory '/home/ajal/git/pfms-2020a-ajalsingh/scratch/a2_skeleton/build/CMakeFiles/CMakeTmp'
Building C object CMakeFiles/cmTC_2604e.dir/CheckFunctionExists.c.o
/usr/bin/cc    -DCHECK_FUNCTION_EXISTS=pthread_create   -o CMakeFiles/cmTC_2604e.dir/CheckFunctionExists.c.o   -c /usr/share/cmake-3.5/Modules/CheckFunctionExists.c
Linking C executable cmTC_2604e
/usr/bin/cmake -E cmake_link_script CMakeFiles/cmTC_2604e.dir/link.txt --verbose=1
/usr/bin/cc   -DCHECK_FUNCTION_EXISTS=pthread_create    CMakeFiles/cmTC_2604e.dir/CheckFunctionExists.c.o  -o cmTC_2604e -rdynamic -lpthreads 
/usr/bin/ld: cannot find -lpthreads
collect2: error: ld returned 1 exit status
CMakeFiles/cmTC_2604e.dir/build.make:97: recipe for target 'cmTC_2604e' failed
make[2]: *** [cmTC_2604e] Error 1
make[2]: Leaving directory '/home/ajal/git/pfms-2020a-ajalsingh/scratch/a2_skeleton/build/CMakeFiles/CMakeTmp'
Makefile:126: recipe for target 'cmTC_2604e/fast' failed
make[1]: *** [cmTC_2604e/fast] Error 2
make[1]: Leaving directory '/home/ajal/git/pfms-2020a-ajalsingh/scratch/a2_skeleton/build/CMakeFiles/CMakeTmp'


