Determining if the pthread_create exist failed with the following output:
Change Dir: /home/ajal/git/pfms-2020a-ajalsingh/scratch/a3_v3/build/CMakeFiles/CMakeTmp

Run Build Command:"/usr/bin/make" "cmTC_08336/fast"
/usr/bin/make -f CMakeFiles/cmTC_08336.dir/build.make CMakeFiles/cmTC_08336.dir/build
make[1]: Entering directory '/home/ajal/git/pfms-2020a-ajalsingh/scratch/a3_v3/build/CMakeFiles/CMakeTmp'
Building C object CMakeFiles/cmTC_08336.dir/CheckSymbolExists.c.o
/usr/bin/gcc-5     -o CMakeFiles/cmTC_08336.dir/CheckSymbolExists.c.o   -c /home/ajal/git/pfms-2020a-ajalsingh/scratch/a3_v3/build/CMakeFiles/CMakeTmp/CheckSymbolExists.c
Linking C executable cmTC_08336
/usr/bin/cmake -E cmake_link_script CMakeFiles/cmTC_08336.dir/link.txt --verbose=1
/usr/bin/gcc-5       CMakeFiles/cmTC_08336.dir/CheckSymbolExists.c.o  -o cmTC_08336 -rdynamic 
CMakeFiles/cmTC_08336.dir/CheckSymbolExists.c.o: In function `main':
CheckSymbolExists.c:(.text+0x16): undefined reference to `pthread_create'
collect2: error: ld returned 1 exit status
CMakeFiles/cmTC_08336.dir/build.make:97: recipe for target 'cmTC_08336' failed
make[1]: *** [cmTC_08336] Error 1
make[1]: Leaving directory '/home/ajal/git/pfms-2020a-ajalsingh/scratch/a3_v3/build/CMakeFiles/CMakeTmp'
Makefile:126: recipe for target 'cmTC_08336/fast' failed
make: *** [cmTC_08336/fast] Error 2

File /home/ajal/git/pfms-2020a-ajalsingh/scratch/a3_v3/build/CMakeFiles/CMakeTmp/CheckSymbolExists.c:
/* */
#include <pthread.h>

int main(int argc, char** argv)
{
  (void)argv;
#ifndef pthread_create
  return ((int*)(&pthread_create))[argc];
#else
  (void)argc;
  return 0;
#endif
}

Determining if the function pthread_create exists in the pthreads failed with the following output:
Change Dir: /home/ajal/git/pfms-2020a-ajalsingh/scratch/a3_v3/build/CMakeFiles/CMakeTmp

Run Build Command:"/usr/bin/make" "cmTC_0075a/fast"
/usr/bin/make -f CMakeFiles/cmTC_0075a.dir/build.make CMakeFiles/cmTC_0075a.dir/build
make[1]: Entering directory '/home/ajal/git/pfms-2020a-ajalsingh/scratch/a3_v3/build/CMakeFiles/CMakeTmp'
Building C object CMakeFiles/cmTC_0075a.dir/CheckFunctionExists.c.o
/usr/bin/gcc-5    -DCHECK_FUNCTION_EXISTS=pthread_create   -o CMakeFiles/cmTC_0075a.dir/CheckFunctionExists.c.o   -c /usr/share/cmake-3.5/Modules/CheckFunctionExists.c
Linking C executable cmTC_0075a
/usr/bin/cmake -E cmake_link_script CMakeFiles/cmTC_0075a.dir/link.txt --verbose=1
/usr/bin/gcc-5   -DCHECK_FUNCTION_EXISTS=pthread_create    CMakeFiles/cmTC_0075a.dir/CheckFunctionExists.c.o  -o cmTC_0075a -rdynamic -lpthreads 
/usr/bin/ld: cannot find -lpthreads
collect2: error: ld returned 1 exit status
CMakeFiles/cmTC_0075a.dir/build.make:97: recipe for target 'cmTC_0075a' failed
make[1]: *** [cmTC_0075a] Error 1
make[1]: Leaving directory '/home/ajal/git/pfms-2020a-ajalsingh/scratch/a3_v3/build/CMakeFiles/CMakeTmp'
Makefile:126: recipe for target 'cmTC_0075a/fast' failed
make: *** [cmTC_0075a/fast] Error 2


