Determining if the pthread_create exist failed with the following output:
Change Dir: /home/ajal/git/pfms-2020a-ajalsingh/quizzes/quiz10/a/build/CMakeFiles/CMakeTmp

Run Build Command:"/usr/bin/make" "cmTC_d002e/fast"
/usr/bin/make -f CMakeFiles/cmTC_d002e.dir/build.make CMakeFiles/cmTC_d002e.dir/build
make[1]: Entering directory '/home/ajal/git/pfms-2020a-ajalsingh/quizzes/quiz10/a/build/CMakeFiles/CMakeTmp'
Building C object CMakeFiles/cmTC_d002e.dir/CheckSymbolExists.c.o
/usr/bin/gcc-5     -o CMakeFiles/cmTC_d002e.dir/CheckSymbolExists.c.o   -c /home/ajal/git/pfms-2020a-ajalsingh/quizzes/quiz10/a/build/CMakeFiles/CMakeTmp/CheckSymbolExists.c
Linking C executable cmTC_d002e
/usr/bin/cmake -E cmake_link_script CMakeFiles/cmTC_d002e.dir/link.txt --verbose=1
/usr/bin/gcc-5       CMakeFiles/cmTC_d002e.dir/CheckSymbolExists.c.o  -o cmTC_d002e -rdynamic 
CMakeFiles/cmTC_d002e.dir/CheckSymbolExists.c.o: In function `main':
CheckSymbolExists.c:(.text+0x16): undefined reference to `pthread_create'
collect2: error: ld returned 1 exit status
CMakeFiles/cmTC_d002e.dir/build.make:97: recipe for target 'cmTC_d002e' failed
make[1]: *** [cmTC_d002e] Error 1
make[1]: Leaving directory '/home/ajal/git/pfms-2020a-ajalsingh/quizzes/quiz10/a/build/CMakeFiles/CMakeTmp'
Makefile:126: recipe for target 'cmTC_d002e/fast' failed
make: *** [cmTC_d002e/fast] Error 2

File /home/ajal/git/pfms-2020a-ajalsingh/quizzes/quiz10/a/build/CMakeFiles/CMakeTmp/CheckSymbolExists.c:
/* */
#include <pthread.h>

int main(int argc, char** argv)
{
  (void)argv;
#ifndef pthread_create
  return ((int*)(&pthread_create))[argc];
#else
  (void)argc;
  return 0;
#endif
}

Determining if the function pthread_create exists in the pthreads failed with the following output:
Change Dir: /home/ajal/git/pfms-2020a-ajalsingh/quizzes/quiz10/a/build/CMakeFiles/CMakeTmp

Run Build Command:"/usr/bin/make" "cmTC_291ca/fast"
/usr/bin/make -f CMakeFiles/cmTC_291ca.dir/build.make CMakeFiles/cmTC_291ca.dir/build
make[1]: Entering directory '/home/ajal/git/pfms-2020a-ajalsingh/quizzes/quiz10/a/build/CMakeFiles/CMakeTmp'
Building C object CMakeFiles/cmTC_291ca.dir/CheckFunctionExists.c.o
/usr/bin/gcc-5    -DCHECK_FUNCTION_EXISTS=pthread_create   -o CMakeFiles/cmTC_291ca.dir/CheckFunctionExists.c.o   -c /usr/share/cmake-3.5/Modules/CheckFunctionExists.c
Linking C executable cmTC_291ca
/usr/bin/cmake -E cmake_link_script CMakeFiles/cmTC_291ca.dir/link.txt --verbose=1
/usr/bin/gcc-5   -DCHECK_FUNCTION_EXISTS=pthread_create    CMakeFiles/cmTC_291ca.dir/CheckFunctionExists.c.o  -o cmTC_291ca -rdynamic -lpthreads 
/usr/bin/ld: cannot find -lpthreads
collect2: error: ld returned 1 exit status
CMakeFiles/cmTC_291ca.dir/build.make:97: recipe for target 'cmTC_291ca' failed
make[1]: *** [cmTC_291ca] Error 1
make[1]: Leaving directory '/home/ajal/git/pfms-2020a-ajalsingh/quizzes/quiz10/a/build/CMakeFiles/CMakeTmp'
Makefile:126: recipe for target 'cmTC_291ca/fast' failed
make: *** [cmTC_291ca/fast] Error 2


